2020-03-12 11:32:12,607 INFO o.a.j.u.JMeterUtils: Setting Locale to es_ES
2020-03-12 11:32:12,715 INFO o.a.j.u.JMeterUtils: Could not find resources for 'es_ES', using 'es'
2020-03-12 11:32:12,717 INFO o.a.j.JMeter: Loading user properties from: user.properties
2020-03-12 11:32:12,717 INFO o.a.j.JMeter: Loading system properties from: system.properties
2020-03-12 11:32:12,723 INFO o.a.j.JMeter: Copyright (c) 1998-2019 The Apache Software Foundation
2020-03-12 11:32:12,729 INFO o.a.j.JMeter: Version 5.2.1
2020-03-12 11:32:12,729 INFO o.a.j.JMeter: java.version=11.0.6
2020-03-12 11:32:12,729 INFO o.a.j.JMeter: java.vm.name=OpenJDK 64-Bit Server VM
2020-03-12 11:32:12,729 INFO o.a.j.JMeter: os.name=Linux
2020-03-12 11:32:12,729 INFO o.a.j.JMeter: os.arch=amd64
2020-03-12 11:32:12,729 INFO o.a.j.JMeter: os.version=5.3.0-40-generic
2020-03-12 11:32:12,729 INFO o.a.j.JMeter: file.encoding=UTF-8
2020-03-12 11:32:12,730 INFO o.a.j.JMeter: java.awt.headless=null
2020-03-12 11:32:12,730 INFO o.a.j.JMeter: Max memory     =1965031424
2020-03-12 11:32:12,730 INFO o.a.j.JMeter: Available Processors =2
2020-03-12 11:32:12,747 INFO o.a.j.JMeter: Default Locale=espa単ol (Espa単a)
2020-03-12 11:32:12,749 INFO o.a.j.JMeter: JMeter  Locale=espa単ol (Espa単a)
2020-03-12 11:32:12,749 INFO o.a.j.JMeter: JMeterHome=/home/sergio/apache-jmeter-5.2.1
2020-03-12 11:32:12,749 INFO o.a.j.JMeter: user.dir  =/home/sergio/apache-jmeter-5.2.1/bin
2020-03-12 11:32:12,750 INFO o.a.j.JMeter: PWD       =/home/sergio/apache-jmeter-5.2.1/bin
2020-03-12 11:32:12,751 INFO o.a.j.JMeter: IP: 127.0.1.1 Name: sergio-HP-Laptop-15-bw0xx FullName: sergio-HP-Laptop-15-bw0xx
2020-03-12 11:32:13,574 INFO o.a.j.g.a.LookAndFeelCommand: Installing Darcula LAF
2020-03-12 11:32:13,679 INFO o.a.j.g.a.LookAndFeelCommand: Using look and feel: com.bulenkov.darcula.DarculaLaf [Darcula]
2020-03-12 11:32:13,685 INFO o.a.j.JMeter: Setting LAF to: com.bulenkov.darcula.DarculaLaf
2020-03-12 11:32:13,846 INFO o.a.j.JMeter: Loaded icon properties from org/apache/jmeter/images/icon.properties
2020-03-12 11:32:16,036 INFO o.j.r.JARSourceHTTP: Found cached repo
2020-03-12 11:32:16,825 INFO o.j.r.PluginManager: Plugins Status: [jpgc-graphs-basic=2.0, jpgc-casutg=2.9, bzm-parallel=0.9, jpgc-plugins-manager=1.3, jmeter-core=5.2.1, jmeter-ftp=5.2.1, jmeter-http=5.2.1, jmeter-jdbc=5.2.1, jmeter-jms=5.2.1, jmeter-junit=5.2.1, jmeter-java=5.2.1, jmeter-ldap=5.2.1, jmeter-mail=5.2.1, jmeter-mongodb=5.2.1, jmeter-native=5.2.1, jmeter-tcp=5.2.1, jmeter-components=5.2.1]
2020-03-12 11:32:19,015 INFO o.a.j.p.h.s.HTTPSamplerBase: Parser for text/html is org.apache.jmeter.protocol.http.parser.LagartoBasedHtmlParser
2020-03-12 11:32:19,017 INFO o.a.j.p.h.s.HTTPSamplerBase: Parser for application/xhtml+xml is org.apache.jmeter.protocol.http.parser.LagartoBasedHtmlParser
2020-03-12 11:32:19,018 INFO o.a.j.p.h.s.HTTPSamplerBase: Parser for application/xml is org.apache.jmeter.protocol.http.parser.LagartoBasedHtmlParser
2020-03-12 11:32:19,019 INFO o.a.j.p.h.s.HTTPSamplerBase: Parser for text/xml is org.apache.jmeter.protocol.http.parser.LagartoBasedHtmlParser
2020-03-12 11:32:19,019 INFO o.a.j.p.h.s.HTTPSamplerBase: Parser for text/vnd.wap.wml is org.apache.jmeter.protocol.http.parser.RegexpHTMLParser
2020-03-12 11:32:19,019 INFO o.a.j.p.h.s.HTTPSamplerBase: Parser for text/css is org.apache.jmeter.protocol.http.parser.CssParser
2020-03-12 11:32:22,816 INFO o.a.j.e.KeyToolUtils: keytool found at 'keytool'
2020-03-12 11:32:22,819 INFO o.a.j.p.h.p.ProxyControl: HTTP(S) Test Script Recorder SSL Proxy will use keys that support embedded 3rd party resources in file /home/sergio/apache-jmeter-5.2.1/bin/proxyserver.jks
2020-03-12 11:32:23,251 INFO o.a.j.s.FileServer: Default base='/home/sergio/apache-jmeter-5.2.1/bin'
2020-03-12 11:32:24,327 INFO o.a.j.s.SampleResult: Note: Sample TimeStamps are START times
2020-03-12 11:32:24,328 INFO o.a.j.s.SampleResult: sampleresult.default.encoding is set to ISO-8859-1
2020-03-12 11:32:24,328 INFO o.a.j.s.SampleResult: sampleresult.useNanoTime=true
2020-03-12 11:32:24,328 INFO o.a.j.s.SampleResult: sampleresult.nanoThreadSleep=5000
2020-03-12 11:32:24,396 INFO o.a.j.v.ViewResultsFullVisualizer: Add JavaFX to your Java installation if you want to use renderer: org.apache.jmeter.visualizers.RenderInBrowser
2020-03-12 11:32:29,596 INFO o.a.j.g.a.Load: Loading file: /home/sergio/Descargas/login-registro.jmx
2020-03-12 11:32:29,596 INFO o.a.j.s.FileServer: Set new base='/home/sergio/Descargas'
2020-03-12 11:32:29,937 INFO o.a.j.s.SaveService: Testplan (JMX) version: 2.2. Testlog (JTL) version: 2.2
2020-03-12 11:32:29,953 INFO o.a.j.s.SaveService: Using SaveService properties version 5.0
2020-03-12 11:32:29,957 INFO o.a.j.s.SaveService: Using SaveService properties file encoding UTF-8
2020-03-12 11:32:29,962 INFO o.a.j.s.SaveService: Loading file: /home/sergio/Descargas/login-registro.jmx
2020-03-12 11:32:30,581 INFO o.a.j.p.h.c.CookieManager: Settings: Delete null: true Check: true Allow variable: true Save: false Prefix: COOKIE_
2020-03-12 11:32:32,135 INFO o.a.j.e.u.CompoundVariable: Note: Function class names must contain the string: '.functions.'
2020-03-12 11:32:32,136 INFO o.a.j.e.u.CompoundVariable: Note: Function class names must not contain the string: '.gui.'
2020-03-12 11:32:33,576 INFO o.a.j.v.ViewResultsFullVisualizer: Add JavaFX to your Java installation if you want to use renderer: org.apache.jmeter.visualizers.RenderInBrowser
2020-03-12 11:32:33,857 INFO o.a.j.v.ViewResultsFullVisualizer: Add JavaFX to your Java installation if you want to use renderer: org.apache.jmeter.visualizers.RenderInBrowser
2020-03-12 11:32:33,958 INFO o.a.j.s.FileServer: Set new base='/home/sergio/Descargas'
